2025-11-11T17:37:10.807-05:00 ERROR 4748 --- [MsSeguridad] [http-nio-85-exec-1] u.M.utils.GlobalExceptionHandler         : Exception Timed out while waiting for a server that matches ReadPreferenceServerSelector{readPreference=primary}. Client view of cluster state is {type=UNKNOWN, servers=[{address=localhost:27017, type=UNKNOWN, state=CONNECTING, exception={com.mongodb.MongoSocketOpenException: Exception opening socket}, caused by {java.net.ConnectException: Connection refused: getsockopt}}] 
 org.springframework.data.mongodb.core.MongoExceptionTranslator.doTranslateException(MongoExceptionTranslator.java:97)
2025-11-11T17:37:48.790-05:00 ERROR 4748 --- [MsSeguridad] [http-nio-85-exec-5] u.M.utils.GlobalExceptionHandler         : Exception Timed out while waiting for a server that matches ReadPreferenceServerSelector{readPreference=primary}. Client view of cluster state is {type=UNKNOWN, servers=[{address=localhost:27017, type=UNKNOWN, state=CONNECTING, exception={com.mongodb.MongoSocketOpenException: Exception opening socket}, caused by {java.net.ConnectException: Connection refused: getsockopt}}] 
 org.springframework.data.mongodb.core.MongoExceptionTranslator.doTranslateException(MongoExceptionTranslator.java:97)
2025-11-11T18:21:55.089-05:00 ERROR 13356 --- [MsSeguridad] [http-nio-85-exec-1] u.M.utils.GlobalExceptionHandler         : Exception Timed out while waiting for a server that matches ReadPreferenceServerSelector{readPreference=primary}. Client view of cluster state is {type=UNKNOWN, servers=[{address=localhost:27017, type=UNKNOWN, state=CONNECTING, exception={com.mongodb.MongoSocketOpenException: Exception opening socket}, caused by {java.net.ConnectException: Connection refused: getsockopt}}] 
 org.springframework.data.mongodb.core.MongoExceptionTranslator.doTranslateException(MongoExceptionTranslator.java:97)
2025-11-11T18:24:48.127-05:00 ERROR 11508 --- [MsSeguridad] [http-nio-85-exec-1] u.M.utils.GlobalExceptionHandler         : Exception Timed out while waiting for a server that matches ReadPreferenceServerSelector{readPreference=primary}. Client view of cluster state is {type=UNKNOWN, servers=[{address=localhost:27017, type=UNKNOWN, state=CONNECTING, exception={com.mongodb.MongoSocketOpenException: Exception opening socket}, caused by {java.net.ConnectException: Connection refused: getsockopt}}] 
 org.springframework.data.mongodb.core.MongoExceptionTranslator.doTranslateException(MongoExceptionTranslator.java:97)
2025-11-11T18:26:45.095-05:00 ERROR 19672 --- [MsSeguridad] [http-nio-85-exec-4] u.M.utils.GlobalExceptionHandler         : Exception Timed out while waiting for a server that matches ReadPreferenceServerSelector{readPreference=primary}. Client view of cluster state is {type=UNKNOWN, servers=[{address=localhost:27017, type=UNKNOWN, state=CONNECTING, exception={com.mongodb.MongoSocketOpenException: Exception opening socket}, caused by {java.net.ConnectException: Connection refused: getsockopt}}] 
 org.springframework.data.mongodb.core.MongoExceptionTranslator.doTranslateException(MongoExceptionTranslator.java:97)
2025-11-11T18:29:05.805-05:00 ERROR 13300 --- [MsSeguridad] [http-nio-85-exec-1] u.M.utils.GlobalExceptionHandler         : Exception Timed out while waiting for a server that matches ReadPreferenceServerSelector{readPreference=primary}. Client view of cluster state is {type=UNKNOWN, servers=[{address=localhost:27017, type=UNKNOWN, state=CONNECTING, exception={com.mongodb.MongoSocketOpenException: Exception opening socket}, caused by {java.net.ConnectException: Connection refused: getsockopt}}] 
 org.springframework.data.mongodb.core.MongoExceptionTranslator.doTranslateException(MongoExceptionTranslator.java:97)
2025-11-11T18:30:48.171-05:00 ERROR 340 --- [MsSeguridad] [http-nio-85-exec-1] u.M.utils.GlobalExceptionHandler         : Exception Command failed with error 13 (Unauthorized): 'Command find requires authentication' on server localhost:27019. The full response is {"ok": 0.0, "errmsg": "Command find requires authentication", "code": 13, "codeName": "Unauthorized"} 
 org.springframework.data.mongodb.core.MongoExceptionTranslator.doTranslateException(MongoExceptionTranslator.java:151)
2025-11-11T18:31:18.298-05:00 ERROR 13440 --- [MsSeguridad] [http-nio-85-exec-1] u.M.utils.GlobalExceptionHandler         : UnauthorizedException Credenciales incorrectas. 
 unu.MsSeguridad.service.impl.SeguridadService.login(SeguridadService.java:26)
2025-11-11T18:31:30.620-05:00 ERROR 13440 --- [MsSeguridad] [http-nio-85-exec-3] u.M.utils.GlobalExceptionHandler         : Exception No converter found capable of converting from type [org.bson.types.ObjectId] to type [int] 
 org.springframework.core.convert.support.GenericConversionService.handleConverterNotFound(GenericConversionService.java:294)
2025-11-11T18:31:34.749-05:00 ERROR 13440 --- [MsSeguridad] [http-nio-85-exec-2] u.M.utils.GlobalExceptionHandler         : Exception No converter found capable of converting from type [org.bson.types.ObjectId] to type [int] 
 org.springframework.core.convert.support.GenericConversionService.handleConverterNotFound(GenericConversionService.java:294)
2025-11-11T18:31:35.515-05:00 ERROR 13440 --- [MsSeguridad] [http-nio-85-exec-4] u.M.utils.GlobalExceptionHandler         : Exception No converter found capable of converting from type [org.bson.types.ObjectId] to type [int] 
 org.springframework.core.convert.support.GenericConversionService.handleConverterNotFound(GenericConversionService.java:294)
2025-11-11T18:31:36.084-05:00 ERROR 13440 --- [MsSeguridad] [http-nio-85-exec-5] u.M.utils.GlobalExceptionHandler         : Exception No converter found capable of converting from type [org.bson.types.ObjectId] to type [int] 
 org.springframework.core.convert.support.GenericConversionService.handleConverterNotFound(GenericConversionService.java:294)
2025-11-11T18:31:51.719-05:00 ERROR 13364 --- [MsSeguridad] [http-nio-85-exec-3] u.M.utils.GlobalExceptionHandler         : UnauthorizedException Credenciales incorrectas. 
 unu.MsSeguridad.service.impl.SeguridadService.login(SeguridadService.java:26)
